<?xml version="1.0" encoding="UTF-8"?>
<beans xmlns="http://www.springframework.org/schema/beans"
       xmlns:xsi="http://www.w3.org/2001/XMLSchema-instance"
       xmlns:tx="http://www.springframework.org/schema/tx"
       xmlns:context="http://www.springframework.org/schema/context"
       xsi:schemaLocation=
           "http://www.springframework.org/schema/beans http://www.springframework.org/schema/beans/spring-beans-3.0.xsd
            http://www.springframework.org/schema/tx http://www.springframework.org/schema/tx/spring-tx-3.0.xsd
            http://www.springframework.org/schema/context http://www.springframework.org/schema/context/spring-context.xsd">

  <context:annotation-config/>

  <tx:annotation-driven />
 
 <bean id="dbClearUtil" class="no.nav.sporingslogg.tjeneste.DbClearUtil"/> 
  <bean id="dataSource" class="org.springframework.jdbc.datasource.DriverManagerDataSource">
    <property name="driverClassName" value="org.hsqldb.jdbcDriver"/>
    <property name="url" value="jdbc:hsqldb:mem:mydb;sql.enforce_strict_size=true;hsqldb.lob_file_scale=100"/>
    <property name="username" value="sa"/>
    <property name="password" value=""/>
  </bean>

  <bean id="transactionManager" class="org.springframework.orm.jpa.JpaTransactionManager" >
    <property name="entityManagerFactory" ref="entityManagerFactory"/>
    <property name="validateExistingTransaction" value="true"/>
  </bean>
  
  <bean id="entityManagerFactory" class="org.springframework.orm.jpa.LocalContainerEntityManagerFactoryBean">
    <property name="dataSource" ref="dataSource"/>
    <property name="persistenceUnitName" value="sporingslogg-db"/>
    <property name="packagesToScan" value="no.nav.sporingslogg.domain"/>
    <property name="jpaVendorAdapter">
      <bean class="org.springframework.orm.jpa.vendor.HibernateJpaVendorAdapter">
        <property name="databasePlatform" value="no.nav.sporingslogg.tjeneste.CustomisedHsqlDialect"/>
        <property name="showSql" value="true"/>
        <property name="generateDdl" value="true"/>
      </bean>
    </property>
    <property name="jpaProperties">
      <props>
        <prop key="hibernate.hbm2ddl.auto">update</prop>
      </props>
    </property>
  </bean>
  
  <bean id="loggTjeneste" class="no.nav.sporingslogg.tjeneste.LoggTjeneste"/>
  <bean id="valideringTjeneste" class="no.nav.sporingslogg.tjeneste.ValideringTjeneste"/>
  <bean id="timestampTjeneste" class="no.nav.sporingslogg.tjeneste.HardCodedTimestampTjeneste"/>
  
</beans>
